<?xml version="1.0" encoding="UTF-8"?>
<!-- Generated by org.testng.reporters.JUnitReportReporter -->
<testsuite hostname="FoxyOldSom" failures="0" tests="1" name="testCases.TestCaseChrome" time="15.104" errors="0" timestamp="24 Dec 2022 08:57:48 GMT" skipped="0">
  <testcase classname="testCases.TestCaseChrome" name="chrometest" time="15.104"/>
</testsuite> <!-- testCases.TestCaseChrome -->
