<?xml version="1.0" encoding="UTF-8"?>
<!-- Generated by org.testng.reporters.JUnitReportReporter -->
<testsuite hostname="FoxyOldSom" failures="0" tests="1" name="testCases.TestCaseEdge" time="12.367" errors="0" timestamp="24 Dec 2022 08:57:48 GMT" skipped="0">
  <testcase classname="testCases.TestCaseEdge" name="edgeTest" time="12.367"/>
</testsuite> <!-- testCases.TestCaseEdge -->
