<?xml version="1.0" encoding="UTF-8"?>
<!-- Generated by org.testng.reporters.JUnitReportReporter -->
<testsuite hostname="FoxyOldSom" failures="0" tests="1" name="testCases.TestCaseFirefox" time="16.805" errors="0" timestamp="24 Dec 2022 08:57:48 GMT" skipped="0">
  <testcase classname="testCases.TestCaseFirefox" name="geckoTest" time="16.805"/>
</testsuite> <!-- testCases.TestCaseFirefox -->
